Determining if the pthread_create exist failed with the following output:
Change Dir: /home/hera_hpccourse/alejo/HPC/pagerank/build/CMakeFiles/CMakeTmp

Run Build Command:"/usr/bin/make" "cmTC_ff098/fast"
/usr/bin/make -f CMakeFiles/cmTC_ff098.dir/build.make CMakeFiles/cmTC_ff098.dir/build
make[1]: Entering directory `/home/hera_hpccourse/alejo/HPC/pagerank/build/CMakeFiles/CMakeTmp'
Building C object CMakeFiles/cmTC_ff098.dir/CheckSymbolExists.c.o
/usr/bin/cc    -fPIC    -o CMakeFiles/cmTC_ff098.dir/CheckSymbolExists.c.o   -c /home/hera_hpccourse/alejo/HPC/pagerank/build/CMakeFiles/CMakeTmp/CheckSymbolExists.c
Linking C executable cmTC_ff098
/usr/local/bin/cmake -E cmake_link_script CMakeFiles/cmTC_ff098.dir/link.txt --verbose=1
/usr/bin/cc  -fPIC     CMakeFiles/cmTC_ff098.dir/CheckSymbolExists.c.o  -o cmTC_ff098 -rdynamic 
CMakeFiles/cmTC_ff098.dir/CheckSymbolExists.c.o: In function `main':
CheckSymbolExists.c:(.text+0x1b): undefined reference to `pthread_create'
collect2: error: ld returned 1 exit status
make[1]: *** [cmTC_ff098] Error 1
make[1]: Leaving directory `/home/hera_hpccourse/alejo/HPC/pagerank/build/CMakeFiles/CMakeTmp'
make: *** [cmTC_ff098/fast] Error 2

File /home/hera_hpccourse/alejo/HPC/pagerank/build/CMakeFiles/CMakeTmp/CheckSymbolExists.c:
/* */
#include <pthread.h>

int main(int argc, char** argv)
{
  (void)argv;
#ifndef pthread_create
  return ((int*)(&pthread_create))[argc];
#else
  (void)argc;
  return 0;
#endif
}

Determining if the function pthread_create exists in the pthreads failed with the following output:
Change Dir: /home/hera_hpccourse/alejo/HPC/pagerank/build/CMakeFiles/CMakeTmp

Run Build Command:"/usr/bin/make" "cmTC_356dc/fast"
/usr/bin/make -f CMakeFiles/cmTC_356dc.dir/build.make CMakeFiles/cmTC_356dc.dir/build
make[1]: Entering directory `/home/hera_hpccourse/alejo/HPC/pagerank/build/CMakeFiles/CMakeTmp'
Building C object CMakeFiles/cmTC_356dc.dir/CheckFunctionExists.c.o
/usr/bin/cc    -fPIC -DCHECK_FUNCTION_EXISTS=pthread_create   -o CMakeFiles/cmTC_356dc.dir/CheckFunctionExists.c.o   -c /usr/local/share/cmake-3.5/Modules/CheckFunctionExists.c
Linking C executable cmTC_356dc
/usr/local/bin/cmake -E cmake_link_script CMakeFiles/cmTC_356dc.dir/link.txt --verbose=1
/usr/bin/cc  -fPIC -DCHECK_FUNCTION_EXISTS=pthread_create    CMakeFiles/cmTC_356dc.dir/CheckFunctionExists.c.o  -o cmTC_356dc -rdynamic -lpthreads 
/usr/bin/ld: cannot find -lpthreads
collect2: error: ld returned 1 exit status
make[1]: *** [cmTC_356dc] Error 1
make[1]: Leaving directory `/home/hera_hpccourse/alejo/HPC/pagerank/build/CMakeFiles/CMakeTmp'
make: *** [cmTC_356dc/fast] Error 2


